<?xml version="1.0" encoding="UTF-8" ?>
<testsuite tests="1" failures="0" name="com.vk.Testcase.LoginFFTest" time="27.809" errors="1" skipped="0">
  <properties>
[...]
</properties>
  <testcase classname="com.vk.Testcase.LoginFFTest" name="verifyValidLogin" time="27.809">
    <error message="
Build info: version: &apos;3.4.0&apos;, revision: &apos;unknown&apos;, time: &apos;unknown&apos;
System info: host: &apos;Andrii-MacBook-Air.local&apos;, ip: &apos;2001:470:7110:1:cc70:8899:bc1e:d9b5&apos;, os.name: &apos;Mac OS X&apos;, os.arch: &apos;x86_64&apos;, os.version: &apos;10.12.5&apos;, java.version: &apos;1.8.0_121&apos;
Driver info: org.openqa.selenium.firefox.FirefoxDriver
Capabilities [{moz:profile=/var/folders/20/x66v218j623bygm186mdzvy40000gp/T/rust_mozprofile.e0LRL9NkigUn, rotatable=false, timeouts={implicit=0.0, pageLoad=300000.0, script=30000.0}, pageLoadStrategy=normal, platform=ANY, specificationLevel=0.0, moz:accessibilityChecks=false, acceptInsecureCerts=false, browserVersion=54.0, platformVersion=16.6.0, moz:processID=89209.0, browserName=firefox, javascriptEnabled=true, platformName=darwin}]
Session ID: 1cf2f3e7-668d-f042-9403-ca95401b7038" type="org.openqa.selenium.ElementNotInteractableException">org.openqa.selenium.ElementNotInteractableException: 
Build info: version: &apos;3.4.0&apos;, revision: &apos;unknown&apos;, time: &apos;unknown&apos;
System info: host: &apos;Andrii-MacBook-Air.local&apos;, ip: &apos;2001:470:7110:1:cc70:8899:bc1e:d9b5&apos;, os.name: &apos;Mac OS X&apos;, os.arch: &apos;x86_64&apos;, os.version: &apos;10.12.5&apos;, java.version: &apos;1.8.0_121&apos;
Driver info: org.openqa.selenium.firefox.FirefoxDriver
Capabilities [{moz:profile=/var/folders/20/x66v218j623bygm186mdzvy40000gp/T/rust_mozprofile.e0LRL9NkigUn, rotatable=false, timeouts={implicit=0.0, pageLoad=300000.0, script=30000.0}, pageLoadStrategy=normal, platform=ANY, specificationLevel=0.0, moz:accessibilityChecks=false, acceptInsecureCerts=false, browserVersion=54.0, platformVersion=16.6.0, moz:processID=89209.0, browserName=firefox, javascriptEnabled=true, platformName=darwin}]
Session ID: 1cf2f3e7-668d-f042-9403-ca95401b7038
	at sun.reflect.NativeConstructorAccessorImpl.newInstance0(Native Method)
	at sun.reflect.NativeConstructorAccessorImpl.newInstance(NativeConstructorAccessorImpl.java:62)
	at sun.reflect.DelegatingConstructorAccessorImpl.newInstance(DelegatingConstructorAccessorImpl.java:45)
	at java.lang.reflect.Constructor.newInstance(Constructor.java:423)
	at org.openqa.selenium.remote.http.W3CHttpResponseCodec.createException(W3CHttpResponseCodec.java:150)
	at org.openqa.selenium.remote.http.W3CHttpResponseCodec.decode(W3CHttpResponseCodec.java:115)
	at org.openqa.selenium.remote.http.W3CHttpResponseCodec.decode(W3CHttpResponseCodec.java:45)
	at org.openqa.selenium.remote.HttpCommandExecutor.execute(HttpCommandExecutor.java:164)
	at org.openqa.selenium.remote.service.DriverCommandExecutor.execute(DriverCommandExecutor.java:82)
	at org.openqa.selenium.remote.RemoteWebDriver.execute(RemoteWebDriver.java:637)
	at org.openqa.selenium.remote.RemoteWebElement.execute(RemoteWebElement.java:272)
	at org.openqa.selenium.remote.RemoteWebElement.click(RemoteWebElement.java:82)
	at com.testvkwithjunit.Pages.MakePost.addPost(MakePost.java:28)
	at com.vk.Testcase.LoginFFTest.verifyValidLogin(LoginFFTest.java:38)
	at sun.reflect.NativeMethodAccessorImpl.invoke0(Native Method)
	at sun.reflect.NativeMethodAccessorImpl.invoke(NativeMethodAccessorImpl.java:62)
	at sun.reflect.DelegatingMethodAccessorImpl.invoke(DelegatingMethodAccessorImpl.java:43)
	at java.lang.reflect.Method.invoke(Method.java:498)
	at org.junit.runners.model.FrameworkMethod$1.runReflectiveCall(FrameworkMethod.java:50)
	at org.junit.internal.runners.model.ReflectiveCallable.run(ReflectiveCallable.java:12)
	at org.junit.runners.model.FrameworkMethod.invokeExplosively(FrameworkMethod.java:47)
	at org.junit.internal.runners.statements.InvokeMethod.evaluate(InvokeMethod.java:17)
	at org.junit.internal.runners.statements.RunBefores.evaluate(RunBefores.java:26)
	at org.junit.internal.runners.statements.RunAfters.evaluate(RunAfters.java:27)
	at org.junit.runners.ParentRunner.runLeaf(ParentRunner.java:325)
	at org.junit.runners.BlockJUnit4ClassRunner.runChild(BlockJUnit4ClassRunner.java:78)
	at org.junit.runners.BlockJUnit4ClassRunner.runChild(BlockJUnit4ClassRunner.java:57)
	at org.junit.runners.ParentRunner$3.run(ParentRunner.java:290)
	at org.junit.runners.ParentRunner$1.schedule(ParentRunner.java:71)
	at org.junit.runners.ParentRunner.runChildren(ParentRunner.java:288)
	at org.junit.runners.ParentRunner.access$000(ParentRunner.java:58)
	at org.junit.runners.ParentRunner$2.evaluate(ParentRunner.java:268)
	at org.junit.runners.ParentRunner.run(ParentRunner.java:363)
	at org.apache.maven.surefire.junit4.JUnit4Provider.execute(JUnit4Provider.java:252)
	at org.apache.maven.surefire.junit4.JUnit4Provider.executeTestSet(JUnit4Provider.java:141)
	at org.apache.maven.surefire.junit4.JUnit4Provider.invoke(JUnit4Provider.java:112)
	at sun.reflect.NativeMethodAccessorImpl.invoke0(Native Method)
	at sun.reflect.NativeMethodAccessorImpl.invoke(NativeMethodAccessorImpl.java:62)
	at sun.reflect.DelegatingMethodAccessorImpl.invoke(DelegatingMethodAccessorImpl.java:43)
	at java.lang.reflect.Method.invoke(Method.java:498)
	at org.apache.maven.surefire.util.ReflectionUtils.invokeMethodWithArray(ReflectionUtils.java:189)
	at org.apache.maven.surefire.booter.ProviderFactory$ProviderProxy.invoke(ProviderFactory.java:165)
	at org.apache.maven.surefire.booter.ProviderFactory.invokeProvider(ProviderFactory.java:85)
	at org.apache.maven.surefire.booter.ForkedBooter.runSuitesInProcess(ForkedBooter.java:115)
	at org.apache.maven.surefire.booter.ForkedBooter.main(ForkedBooter.java:75)
</error>
    <system-err>1498475005337	geckodriver	INFO	Listening on 127.0.0.1:33171
1498475005858	geckodriver::marionette	INFO	Starting browser /Applications/Firefox.app/Contents/MacOS/firefox-bin with args [&quot;-marionette&quot;]
1498475009926	Marionette	INFO	Listening on port 53899
1498475010519	Marionette	DEBUG	loaded listener.js
Jun 26, 2017 2:03:30 PM org.openqa.selenium.remote.ProtocolHandshake createSession
INFO: Detected dialect: W3C
2017-06-26 14:03:30.753 plugin-container[89198:2507616] *** CFMessagePort: bootstrap_register(): failed 1100 (0x44c) &apos;Permission denied&apos;, port = 0x943b, name = &apos;com.apple.tsm.portname&apos;
See /usr/include/servers/bootstrap_defs.h for the error codes.
2017-06-26 14:03:30.763 plugin-container[89198:2507616] *** CFMessagePort: bootstrap_register(): failed 1100 (0x44c) &apos;Permission denied&apos;, port = 0x9803, name = &apos;com.apple.CFPasteboardClient&apos;
See /usr/include/servers/bootstrap_defs.h for the error codes.
1498475010810	geckodriver	INFO	Listening on 127.0.0.1:48536
1498475011125	geckodriver::marionette	INFO	Starting browser /Applications/Firefox.app/Contents/MacOS/firefox-bin with args [&quot;-marionette&quot;]
1498475016088	Marionette	INFO	Listening on port 54248
1498475016856	Marionette	DEBUG	loaded listener.js
Jun 26, 2017 2:03:36 PM org.openqa.selenium.remote.ProtocolHandshake createSession
INFO: Detected dialect: W3C
2017-06-26 14:03:37.109 plugin-container[89232:2507988] *** CFMessagePort: bootstrap_register(): failed 1100 (0x44c) &apos;Permission denied&apos;, port = 0x963f, name = &apos;com.apple.tsm.portname&apos;
See /usr/include/servers/bootstrap_defs.h for the error codes.
2017-06-26 14:03:37.111 plugin-container[89232:2507988] *** CFMessagePort: bootstrap_register(): failed 1100 (0x44c) &apos;Permission denied&apos;, port = 0x9a03, name = &apos;com.apple.CFPasteboardClient&apos;
See /usr/include/servers/bootstrap_defs.h for the error codes.
1498475017410	Marionette	DEBUG	Received DOM event &quot;beforeunload&quot; for &quot;about:blank&quot;
1498475018094	Marionette	DEBUG	Received DOM event &quot;pagehide&quot; for &quot;about:blank&quot;
1498475018095	Marionette	DEBUG	Received DOM event &quot;unload&quot; for &quot;about:blank&quot;
1498475020336	Marionette	DEBUG	Received DOM event &quot;DOMContentLoaded&quot; for &quot;https://vk.com/&quot;
1498475020357	Marionette	DEBUG	Received DOM event &quot;DOMContentLoaded&quot; for &quot;https://vk.com/&quot;
1498475020367	Marionette	DEBUG	Received DOM event &quot;pageshow&quot; for &quot;https://vk.com/&quot;
1498475020458	Marionette	DEBUG	Received DOM event &quot;pageshow&quot; for &quot;https://vk.com/&quot;
1498475022969	Marionette	DEBUG	Received DOM event &quot;pagehide&quot; for &quot;https://vk.com/&quot;
1498475023158	Marionette	DEBUG	Canceled page load listener because no navigation has been detected
1498475027689	Marionette	DEBUG	Received observer notification &quot;outer-window-destroyed&quot; for &quot;2147483653&quot;
1498475027697	Marionette	DEBUG	Received observer notification &quot;outer-window-destroyed&quot; for &quot;2147483664&quot;
1498475027704	Marionette	DEBUG	Received observer notification &quot;outer-window-destroyed&quot; for &quot;2147483655&quot;
1498475027710	Marionette	DEBUG	Received observer notification &quot;outer-window-destroyed&quot; for &quot;2147483659&quot;
1498475027715	Marionette	DEBUG	Received observer notification &quot;outer-window-destroyed&quot; for &quot;2147483657&quot;
1498475028124	Marionette	DEBUG	Canceled page load listener because no navigation has been detected
1498475030374	Marionette	DEBUG	Received observer notification &quot;outer-window-destroyed&quot; for &quot;2147483667&quot;
1498475030378	Marionette	DEBUG	Received observer notification &quot;outer-window-destroyed&quot; for &quot;2147483669&quot;
1498475030618	Marionette	DEBUG	Canceled page load listener because no navigation has been detected
1498475031388	Marionette	DEBUG	Received DOM event &quot;pagehide&quot; for &quot;https://vk.com/id432182003&quot;
1498475031521	Marionette	DEBUG	Canceled page load listener because no navigation has been detected
1498475031854	Marionette	DEBUG	Received DOM event &quot;pagehide&quot; for &quot;https://vk.com/id432182003&quot;
1498475031898	Marionette	DEBUG	Received DOM event &quot;pagehide&quot; for &quot;https://vk.com/id432182003&quot;
1498475031965	Marionette	DEBUG	Received DOM event &quot;pagehide&quot; for &quot;https://vk.com/al_profile.php?__query=id432182003&amp;_ref=left_nav&amp;al=-1&amp;al_id=432182003&amp;_rndVer=9884&quot;
1498475031986	Marionette	DEBUG	Canceled page load listener because no navigation has been detected
JavaScript error: https://vk.com/js/al/page.js?1046174730, line 2695: TypeError: rf is null
1498475032506	Marionette	DEBUG	Canceled page load listener because no navigation has been detected
</system-err>
  </testcase>
</testsuite>